Arguments: 
  C:\Program Files\nodejs\node.exe C:\Users\Андрей\AppData\Roaming\npm\node_modules\yarn\bin\yarn.js add typescript ts-node @types/node -D

PATH: 
  O:\Javascript_projects\hiring-master\node_modules\.bin;C:\Program Files (x86)\Common Files\Oracle\Java\javapath;C:\ProgramData\Oracle\Java\javapath;c:\Program Files (x86)\AMD APP\bin\x86_64;c:\Program Files (x86)\AMD APP\bin\x86;c:\Program Files (x86)\Intel\iCLS Client\;c:\Program Files\Intel\iCLS Client\;C:\WINDOWS\system32;C:\WINDOWS;C:\WINDOWS\System32\Wbem;C:\WINDOWS\System32\WindowsPowerShell\v1.0\;C:\Program Files\Intel\Intel(R) Management Engine Components\DAL;C:\Program Files\Intel\Intel(R) Management Engine Components\IPT;C:\Program Files (x86)\Intel\Intel(R) Management Engine Components\DAL;C:\Program Files (x86)\Intel\Intel(R) Management Engine Components\IPT;c:\Program Files (x86)\ATI Technologies\ATI.ACE\Core-Static;C:\Program Files (x86)\Windows Live\Shared;C:\Program Files\Intel\WiFi\bin\;C:\Program Files\Common Files\Intel\WirelessCommon\;C:\Program Files\PuTTY\;C:\Program Files (x86)\Common Files\Autodesk Shared\;C:\Program Files\Common Files\Autodesk Shared\;C:\Program Files (x86)\Autodesk\Backburner\;C:\WINDOWS\System32\OpenSSH\;O:\Program Files\Git\cmd;C:\Program Files\nodejs\;C:\Users\Андрей\AppData\Local\Microsoft\WindowsApps;O:\Microsoft VS Code\bin;C:\Users\Андрей\AppData\Local\GitHubDesktop\bin;C:\Users\Андрей\AppData\Roaming\npm

Yarn version: 
  1.22.19

Node version: 
  16.13.2

Platform: 
  win32 x64

Trace: 
  Error: https://registry.yarnpkg.com/tap/-/tap-14.11.0.tgz: ESOCKETTIMEDOUT
      at ClientRequest.<anonymous> (C:\Users\Андрей\AppData\Roaming\npm\node_modules\yarn\lib\cli.js:141517:19)
      at Object.onceWrapper (node:events:509:28)
      at ClientRequest.emit (node:events:390:28)
      at TLSSocket.emitRequestTimeout (node:_http_client:763:9)
      at Object.onceWrapper (node:events:509:28)
      at TLSSocket.emit (node:events:402:35)
      at TLSSocket.Socket._onTimeout (node:net:501:8)
      at listOnTimeout (node:internal/timers:557:17)
      at processTimers (node:internal/timers:500:7)

npm manifest: 
  {
    "name": "@linkedhelper/hiring",
    "version": "1.4.1",
    "description": "Linked Helper hiring test",
    "main": "dist/index.js",
    "module": "dist/index.js",
    "files": [
      "dist"
    ],
    "types": "dist/index.d.ts",
    "scripts": {
      "lint": "tslint -p . && tslint -p test",
      "test": "tap --reporter=spec -t600 test/*.spec.ts",
      "perf": "tap --no-coverage --reporter=spec -t600 test/run.perf.ts"
    },
    "keywords": [
      "linkedhelper"
    ],
    "author": {
      "name": "Vyacheslav Dorzhiev",
      "email": "contact@vyacheslavdorzhiev.pro"
    },
    "license": "MIT",
    "devDependencies": {
      "@types/node": "^12.20.3",
      "@types/sinon": "^9.0.10",
      "sinon": "^9.2.4",
      "tap": "^14.11.0",
      "ts-node": "^9.1.1",
      "tsame": "^2.0.1",
      "tslint": "^5.20.1",
      "tslint-eslint-rules": "^5.4.0",
      "typescript": "^4.1.5",
      "typescript-tslint-plugin": "^1.0.1"
    }
  }

yarn manifest: 
  No manifest

Lockfile: 
  No lockfile
